<?xml version="1.0" encoding="UTF-8"?>
<coverage generated="1713180020085" clover="3.2.0">
  <project timestamp="1713180020085" name="All files">
    <metrics statements="88" coveredstatements="84" conditionals="50" coveredconditionals="45" methods="22" coveredmethods="22" elements="160" coveredelements="151" complexity="0" loc="88" ncloc="88" packages="2" files="7" classes="7"/>
    <package name="src">
      <metrics statements="39" coveredstatements="38" conditionals="21" coveredconditionals="20" methods="8" coveredmethods="8"/>
      <file name="compareFiles.js" path="/home/maslo34/frontend-project-46/src/compareFiles.js">
        <metrics statements="21" coveredstatements="21" conditionals="14" coveredconditionals="14" methods="3" coveredmethods="3"/>
        <line num="3" count="3" type="stmt"/>
        <line num="4" count="24" type="stmt"/>
        <line num="5" count="24" type="stmt"/>
        <line num="6" count="24" type="stmt"/>
        <line num="7" count="24" type="stmt"/>
        <line num="8" count="24" type="stmt"/>
        <line num="11" count="3" type="stmt"/>
        <line num="12" count="22" type="stmt"/>
        <line num="13" count="22" type="stmt"/>
        <line num="14" count="77" type="stmt"/>
        <line num="15" count="77" type="stmt"/>
        <line num="16" count="77" type="cond" truecount="4" falsecount="0"/>
        <line num="17" count="10" type="stmt"/>
        <line num="19" count="67" type="cond" truecount="4" falsecount="0"/>
        <line num="20" count="21" type="stmt"/>
        <line num="22" count="46" type="cond" truecount="4" falsecount="0"/>
        <line num="23" count="16" type="stmt"/>
        <line num="25" count="30" type="cond" truecount="2" falsecount="0"/>
        <line num="26" count="13" type="stmt"/>
        <line num="28" count="17" type="stmt"/>
        <line num="35" count="22" type="stmt"/>
      </file>
      <file name="index.js" path="/home/maslo34/frontend-project-46/src/index.js">
        <metrics statements="9" coveredstatements="9" conditionals="1" coveredconditionals="1" methods="1" coveredmethods="1"/>
        <line num="5" count="2" type="cond" truecount="1" falsecount="0"/>
        <line num="6" count="4" type="stmt"/>
        <line num="7" count="4" type="stmt"/>
        <line num="8" count="4" type="stmt"/>
        <line num="9" count="4" type="stmt"/>
        <line num="10" count="4" type="stmt"/>
        <line num="11" count="4" type="stmt"/>
        <line num="12" count="4" type="stmt"/>
        <line num="13" count="4" type="stmt"/>
      </file>
      <file name="parser.js" path="/home/maslo34/frontend-project-46/src/parser.js">
        <metrics statements="9" coveredstatements="8" conditionals="6" coveredconditionals="5" methods="4" coveredmethods="4"/>
        <line num="5" count="20" type="stmt"/>
        <line num="6" count="9" type="stmt"/>
        <line num="7" count="11" type="stmt"/>
        <line num="9" count="3" type="stmt"/>
        <line num="10" count="11" type="cond" truecount="4" falsecount="0"/>
        <line num="11" count="2" type="stmt"/>
        <line num="13" count="9" type="cond" truecount="1" falsecount="1"/>
        <line num="14" count="9" type="stmt"/>
        <line num="16" count="0" type="stmt"/>
      </file>
    </package>
    <package name="src.formatters">
      <metrics statements="49" coveredstatements="46" conditionals="29" coveredconditionals="25" methods="14" coveredmethods="14"/>
      <file name="index.js" path="/home/maslo34/frontend-project-46/src/formatters/index.js">
        <metrics statements="6" coveredstatements="5" conditionals="4" coveredconditionals="3" methods="1" coveredmethods="1"/>
        <line num="5" count="2" type="stmt"/>
        <line num="6" count="4" type="cond" truecount="3" falsecount="1"/>
        <line num="8" count="2" type="stmt"/>
        <line num="10" count="1" type="stmt"/>
        <line num="12" count="1" type="stmt"/>
        <line num="14" count="0" type="stmt"/>
      </file>
      <file name="json.js" path="/home/maslo34/frontend-project-46/src/formatters/json.js">
        <metrics statements="1" coveredstatements="1" conditionals="0" coveredconditionals="0" methods="1" coveredmethods="1"/>
        <line num="1" count="1" type="stmt"/>
      </file>
      <file name="plain.js" path="/home/maslo34/frontend-project-46/src/formatters/plain.js">
        <metrics statements="17" coveredstatements="16" conditionals="11" coveredconditionals="10" methods="5" coveredmethods="5"/>
        <line num="3" count="2" type="stmt"/>
        <line num="4" count="13" type="cond" truecount="2" falsecount="0"/>
        <line num="5" count="6" type="cond" truecount="2" falsecount="0"/>
        <line num="8" count="2" type="stmt"/>
        <line num="9" count="1" type="stmt"/>
        <line num="10" count="5" type="stmt"/>
        <line num="11" count="18" type="stmt"/>
        <line num="15" count="15" type="stmt"/>
        <line num="16" count="15" type="cond" truecount="2" falsecount="0"/>
        <line num="17" count="15" type="cond" truecount="4" falsecount="1"/>
        <line num="19" count="4" type="stmt"/>
        <line num="21" count="5" type="stmt"/>
        <line num="23" count="2" type="stmt"/>
        <line num="25" count="4" type="stmt"/>
        <line num="27" count="0" type="stmt"/>
        <line num="30" count="5" type="stmt"/>
        <line num="32" count="1" type="stmt"/>
      </file>
      <file name="stylish.js" path="/home/maslo34/frontend-project-46/src/formatters/stylish.js">
        <metrics statements="25" coveredstatements="24" conditionals="14" coveredconditionals="12" methods="7" coveredmethods="7"/>
        <line num="3" count="24" type="cond" truecount="2" falsecount="0"/>
        <line num="4" count="24" type="cond" truecount="2" falsecount="0"/>
        <line num="6" count="2" type="cond" truecount="0" falsecount="1"/>
        <line num="7" count="48" type="cond" truecount="2" falsecount="0"/>
        <line num="9" count="14" type="stmt"/>
        <line num="10" count="14" type="stmt"/>
        <line num="11" count="14" type="stmt"/>
        <line num="13" count="18" type="stmt"/>
        <line num="15" count="14" type="stmt"/>
        <line num="16" count="14" type="stmt"/>
        <line num="19" count="2" type="stmt"/>
        <line num="20" count="2" type="cond" truecount="1" falsecount="0"/>
        <line num="21" count="10" type="stmt"/>
        <line num="22" count="10" type="stmt"/>
        <line num="23" count="10" type="stmt"/>
        <line num="26" count="36" type="stmt"/>
        <line num="27" count="36" type="cond" truecount="5" falsecount="1"/>
        <line num="29" count="4" type="stmt"/>
        <line num="31" count="10" type="stmt"/>
        <line num="33" count="6" type="stmt"/>
        <line num="35" count="8" type="stmt"/>
        <line num="37" count="8" type="stmt"/>
        <line num="42" count="0" type="stmt"/>
        <line num="45" count="10" type="stmt"/>
        <line num="47" count="2" type="stmt"/>
      </file>
    </package>
  </project>
</coverage>
