{"/home/maslo34/frontend-project-46/src/compareFiles.js": {"path":"/home/maslo34/frontend-project-46/src/compareFiles.js","statementMap":{"0":{"start":{"line":3,"column":20},"end":{"line":9,"column":1}},"1":{"start":{"line":4,"column":19},"end":{"line":4,"column":36}},"2":{"start":{"line":5,"column":19},"end":{"line":5,"column":36}},"3":{"start":{"line":6,"column":20},"end":{"line":6,"column":47}},"4":{"start":{"line":7,"column":21},"end":{"line":7,"column":40}},"5":{"start":{"line":8,"column":2},"end":{"line":8,"column":20}},"6":{"start":{"line":11,"column":21},"end":{"line":36,"column":1}},"7":{"start":{"line":12,"column":15},"end":{"line":12,"column":40}},"8":{"start":{"line":13,"column":20},"end":{"line":34,"column":4}},"9":{"start":{"line":14,"column":19},"end":{"line":14,"column":29}},"10":{"start":{"line":15,"column":19},"end":{"line":15,"column":29}},"11":{"start":{"line":16,"column":4},"end":{"line":18,"column":5}},"12":{"start":{"line":17,"column":6},"end":{"line":17,"column":48}},"13":{"start":{"line":19,"column":4},"end":{"line":21,"column":5}},"14":{"start":{"line":20,"column":6},"end":{"line":20,"column":46}},"15":{"start":{"line":22,"column":4},"end":{"line":24,"column":5}},"16":{"start":{"line":23,"column":6},"end":{"line":23,"column":79}},"17":{"start":{"line":25,"column":4},"end":{"line":27,"column":5}},"18":{"start":{"line":26,"column":6},"end":{"line":26,"column":50}},"19":{"start":{"line":28,"column":4},"end":{"line":33,"column":6}},"20":{"start":{"line":35,"column":2},"end":{"line":35,"column":19}}},"fnMap":{"0":{"name":"(anonymous_0)","decl":{"start":{"line":3,"column":20},"end":{"line":3,"column":21}},"loc":{"start":{"line":3,"column":36},"end":{"line":9,"column":1}},"line":3},"1":{"name":"(anonymous_1)","decl":{"start":{"line":11,"column":21},"end":{"line":11,"column":22}},"loc":{"start":{"line":11,"column":39},"end":{"line":36,"column":1}},"line":11},"2":{"name":"(anonymous_2)","decl":{"start":{"line":13,"column":29},"end":{"line":13,"column":30}},"loc":{"start":{"line":13,"column":38},"end":{"line":34,"column":3}},"line":13}},"branchMap":{"0":{"loc":{"start":{"line":16,"column":4},"end":{"line":18,"column":5}},"type":"if","locations":[{"start":{"line":16,"column":4},"end":{"line":18,"column":5}},{"start":{},"end":{}}],"line":16},"1":{"loc":{"start":{"line":16,"column":8},"end":{"line":16,"column":47}},"type":"binary-expr","locations":[{"start":{"line":16,"column":8},"end":{"line":16,"column":25}},{"start":{"line":16,"column":29},"end":{"line":16,"column":47}}],"line":16},"2":{"loc":{"start":{"line":19,"column":4},"end":{"line":21,"column":5}},"type":"if","locations":[{"start":{"line":19,"column":4},"end":{"line":21,"column":5}},{"start":{},"end":{}}],"line":19},"3":{"loc":{"start":{"line":19,"column":8},"end":{"line":19,"column":47}},"type":"binary-expr","locations":[{"start":{"line":19,"column":8},"end":{"line":19,"column":26}},{"start":{"line":19,"column":30},"end":{"line":19,"column":47}}],"line":19},"4":{"loc":{"start":{"line":22,"column":4},"end":{"line":24,"column":5}},"type":"if","locations":[{"start":{"line":22,"column":4},"end":{"line":24,"column":5}},{"start":{},"end":{}}],"line":22},"5":{"loc":{"start":{"line":22,"column":8},"end":{"line":22,"column":48}},"type":"binary-expr","locations":[{"start":{"line":22,"column":8},"end":{"line":22,"column":26}},{"start":{"line":22,"column":30},"end":{"line":22,"column":48}}],"line":22},"6":{"loc":{"start":{"line":25,"column":4},"end":{"line":27,"column":5}},"type":"if","locations":[{"start":{"line":25,"column":4},"end":{"line":27,"column":5}},{"start":{},"end":{}}],"line":25}},"s":{"0":3,"1":24,"2":24,"3":24,"4":24,"5":24,"6":3,"7":22,"8":22,"9":77,"10":77,"11":77,"12":10,"13":67,"14":21,"15":46,"16":16,"17":30,"18":13,"19":17,"20":22},"f":{"0":24,"1":22,"2":77},"b":{"0":[10,67],"1":[77,56],"2":[21,46],"3":[67,21],"4":[16,30],"5":[46,20],"6":[13,17]},"_coverageSchema":"1a1c01bbd47fc00a2c39e90264f33305004495a9","hash":"4f6f6375d36a2b8066d4bb2cf5ad5d7a5e143bb4"}
,"/home/maslo34/frontend-project-46/src/index.js": {"path":"/home/maslo34/frontend-project-46/src/index.js","statementMap":{"0":{"start":{"line":5,"column":16},"end":{"line":14,"column":1}},"1":{"start":{"line":6,"column":20},"end":{"line":6,"column":38}},"2":{"start":{"line":7,"column":20},"end":{"line":7,"column":38}},"3":{"start":{"line":8,"column":22},"end":{"line":8,"column":39}},"4":{"start":{"line":9,"column":22},"end":{"line":9,"column":39}},"5":{"start":{"line":10,"column":15},"end":{"line":10,"column":50}},"6":{"start":{"line":11,"column":15},"end":{"line":11,"column":50}},"7":{"start":{"line":12,"column":17},"end":{"line":12,"column":41}},"8":{"start":{"line":13,"column":2},"end":{"line":13,"column":35}}},"fnMap":{"0":{"name":"(anonymous_0)","decl":{"start":{"line":5,"column":16},"end":{"line":5,"column":17}},"loc":{"start":{"line":5,"column":54},"end":{"line":14,"column":1}},"line":5}},"branchMap":{"0":{"loc":{"start":{"line":5,"column":31},"end":{"line":5,"column":49}},"type":"default-arg","locations":[{"start":{"line":5,"column":40},"end":{"line":5,"column":49}}],"line":5}},"s":{"0":2,"1":4,"2":4,"3":4,"4":4,"5":4,"6":4,"7":4,"8":4},"f":{"0":4},"b":{"0":[2]},"_coverageSchema":"1a1c01bbd47fc00a2c39e90264f33305004495a9","hash":"6d062636a19f4881cbfb5b7d8abf540a7ab8e0db"}
,"/home/maslo34/frontend-project-46/src/parser.js": {"path":"/home/maslo34/frontend-project-46/src/parser.js","statementMap":{"0":{"start":{"line":5,"column":20},"end":{"line":5,"column":63}},"1":{"start":{"line":5,"column":30},"end":{"line":5,"column":63}},"2":{"start":{"line":6,"column":19},"end":{"line":6,"column":47}},"3":{"start":{"line":6,"column":29},"end":{"line":6,"column":47}},"4":{"start":{"line":7,"column":17},"end":{"line":7,"column":66}},"5":{"start":{"line":7,"column":27},"end":{"line":7,"column":66}},"6":{"start":{"line":9,"column":20},"end":{"line":17,"column":1}},"7":{"start":{"line":10,"column":2},"end":{"line":12,"column":3}},"8":{"start":{"line":11,"column":4},"end":{"line":11,"column":37}},"9":{"start":{"line":13,"column":2},"end":{"line":15,"column":3}},"10":{"start":{"line":14,"column":4},"end":{"line":14,"column":38}},"11":{"start":{"line":16,"column":2},"end":{"line":16,"column":51}}},"fnMap":{"0":{"name":"(anonymous_0)","decl":{"start":{"line":5,"column":20},"end":{"line":5,"column":21}},"loc":{"start":{"line":5,"column":30},"end":{"line":5,"column":63}},"line":5},"1":{"name":"(anonymous_1)","decl":{"start":{"line":6,"column":19},"end":{"line":6,"column":20}},"loc":{"start":{"line":6,"column":29},"end":{"line":6,"column":47}},"line":6},"2":{"name":"(anonymous_2)","decl":{"start":{"line":7,"column":17},"end":{"line":7,"column":18}},"loc":{"start":{"line":7,"column":27},"end":{"line":7,"column":66}},"line":7},"3":{"name":"(anonymous_3)","decl":{"start":{"line":9,"column":20},"end":{"line":9,"column":21}},"loc":{"start":{"line":9,"column":38},"end":{"line":17,"column":1}},"line":9}},"branchMap":{"0":{"loc":{"start":{"line":10,"column":2},"end":{"line":12,"column":3}},"type":"if","locations":[{"start":{"line":10,"column":2},"end":{"line":12,"column":3}},{"start":{},"end":{}}],"line":10},"1":{"loc":{"start":{"line":10,"column":6},"end":{"line":10,"column":45}},"type":"binary-expr","locations":[{"start":{"line":10,"column":6},"end":{"line":10,"column":24}},{"start":{"line":10,"column":28},"end":{"line":10,"column":45}}],"line":10},"2":{"loc":{"start":{"line":13,"column":2},"end":{"line":15,"column":3}},"type":"if","locations":[{"start":{"line":13,"column":2},"end":{"line":15,"column":3}},{"start":{},"end":{}}],"line":13}},"s":{"0":3,"1":20,"2":3,"3":9,"4":3,"5":11,"6":3,"7":11,"8":2,"9":9,"10":9,"11":0},"f":{"0":20,"1":9,"2":11,"3":11},"b":{"0":[2,9],"1":[11,10],"2":[9,0]},"_coverageSchema":"1a1c01bbd47fc00a2c39e90264f33305004495a9","hash":"b84a6ea67f02d652963e02bfd4c652d58ce2f5bd"}
,"/home/maslo34/frontend-project-46/src/formatters/index.js": {"path":"/home/maslo34/frontend-project-46/src/formatters/index.js","statementMap":{"0":{"start":{"line":5,"column":18},"end":{"line":16,"column":1}},"1":{"start":{"line":6,"column":2},"end":{"line":15,"column":3}},"2":{"start":{"line":8,"column":6},"end":{"line":8,"column":30}},"3":{"start":{"line":10,"column":6},"end":{"line":10,"column":28}},"4":{"start":{"line":12,"column":6},"end":{"line":12,"column":27}},"5":{"start":{"line":14,"column":6},"end":{"line":14,"column":54}}},"fnMap":{"0":{"name":"(anonymous_0)","decl":{"start":{"line":5,"column":18},"end":{"line":5,"column":19}},"loc":{"start":{"line":5,"column":36},"end":{"line":16,"column":1}},"line":5}},"branchMap":{"0":{"loc":{"start":{"line":6,"column":2},"end":{"line":15,"column":3}},"type":"switch","locations":[{"start":{"line":7,"column":4},"end":{"line":8,"column":30}},{"start":{"line":9,"column":4},"end":{"line":10,"column":28}},{"start":{"line":11,"column":4},"end":{"line":12,"column":27}},{"start":{"line":13,"column":4},"end":{"line":14,"column":54}}],"line":6}},"s":{"0":2,"1":4,"2":2,"3":1,"4":1,"5":0},"f":{"0":4},"b":{"0":[2,1,1,0]},"_coverageSchema":"1a1c01bbd47fc00a2c39e90264f33305004495a9","hash":"929ca348826089303cf3598ed0b61e49abe5d51a"}
,"/home/maslo34/frontend-project-46/src/formatters/json.js": {"path":"/home/maslo34/frontend-project-46/src/formatters/json.js","statementMap":{"0":{"start":{"line":1,"column":25},"end":{"line":1,"column":45}}},"fnMap":{"0":{"name":"(anonymous_0)","decl":{"start":{"line":1,"column":15},"end":{"line":1,"column":16}},"loc":{"start":{"line":1,"column":25},"end":{"line":1,"column":45}},"line":1}},"branchMap":{},"s":{"0":1},"f":{"0":1},"b":{},"_coverageSchema":"1a1c01bbd47fc00a2c39e90264f33305004495a9","hash":"e8b9b278bb6ae70d6fd1197df9cac0bd32ef6546"}
,"/home/maslo34/frontend-project-46/src/formatters/plain.js": {"path":"/home/maslo34/frontend-project-46/src/formatters/plain.js","statementMap":{"0":{"start":{"line":3,"column":17},"end":{"line":6,"column":1}},"1":{"start":{"line":4,"column":2},"end":{"line":4,"column":53}},"2":{"start":{"line":4,"column":33},"end":{"line":4,"column":53}},"3":{"start":{"line":5,"column":2},"end":{"line":5,"column":63}},"4":{"start":{"line":8,"column":17},"end":{"line":33,"column":1}},"5":{"start":{"line":9,"column":15},"end":{"line":31,"column":3}},"6":{"start":{"line":10,"column":19},"end":{"line":29,"column":8}},"7":{"start":{"line":11,"column":24},"end":{"line":11,"column":51}},"8":{"start":{"line":15,"column":12},"end":{"line":15,"column":16}},"9":{"start":{"line":16,"column":25},"end":{"line":16,"column":63}},"10":{"start":{"line":17,"column":8},"end":{"line":28,"column":9}},"11":{"start":{"line":19,"column":12},"end":{"line":19,"column":44}},"12":{"start":{"line":21,"column":12},"end":{"line":21,"column":86}},"13":{"start":{"line":23,"column":12},"end":{"line":23,"column":56}},"14":{"start":{"line":25,"column":12},"end":{"line":25,"column":105}},"15":{"start":{"line":27,"column":12},"end":{"line":27,"column":60}},"16":{"start":{"line":30,"column":4},"end":{"line":30,"column":34}},"17":{"start":{"line":32,"column":2},"end":{"line":32,"column":24}}},"fnMap":{"0":{"name":"(anonymous_0)","decl":{"start":{"line":3,"column":17},"end":{"line":3,"column":18}},"loc":{"start":{"line":3,"column":28},"end":{"line":6,"column":1}},"line":3},"1":{"name":"(anonymous_1)","decl":{"start":{"line":8,"column":17},"end":{"line":8,"column":18}},"loc":{"start":{"line":8,"column":27},"end":{"line":33,"column":1}},"line":8},"2":{"name":"(anonymous_2)","decl":{"start":{"line":9,"column":15},"end":{"line":9,"column":16}},"loc":{"start":{"line":9,"column":32},"end":{"line":31,"column":3}},"line":9},"3":{"name":"(anonymous_3)","decl":{"start":{"line":11,"column":14},"end":{"line":11,"column":15}},"loc":{"start":{"line":11,"column":24},"end":{"line":11,"column":51}},"line":11},"4":{"name":"(anonymous_4)","decl":{"start":{"line":12,"column":15},"end":{"line":12,"column":16}},"loc":{"start":{"line":12,"column":25},"end":{"line":29,"column":7}},"line":12}},"branchMap":{"0":{"loc":{"start":{"line":4,"column":2},"end":{"line":4,"column":53}},"type":"if","locations":[{"start":{"line":4,"column":2},"end":{"line":4,"column":53}},{"start":{},"end":{}}],"line":4},"1":{"loc":{"start":{"line":5,"column":9},"end":{"line":5,"column":62}},"type":"cond-expr","locations":[{"start":{"line":5,"column":29},"end":{"line":5,"column":46}},{"start":{"line":5,"column":49},"end":{"line":5,"column":62}}],"line":5},"2":{"loc":{"start":{"line":16,"column":25},"end":{"line":16,"column":63}},"type":"cond-expr","locations":[{"start":{"line":16,"column":41},"end":{"line":16,"column":44}},{"start":{"line":16,"column":47},"end":{"line":16,"column":63}}],"line":16},"3":{"loc":{"start":{"line":17,"column":8},"end":{"line":28,"column":9}},"type":"switch","locations":[{"start":{"line":18,"column":10},"end":{"line":19,"column":44}},{"start":{"line":20,"column":10},"end":{"line":21,"column":86}},{"start":{"line":22,"column":10},"end":{"line":23,"column":56}},{"start":{"line":24,"column":10},"end":{"line":25,"column":105}},{"start":{"line":26,"column":10},"end":{"line":27,"column":60}}],"line":17}},"s":{"0":2,"1":13,"2":7,"3":6,"4":2,"5":1,"6":5,"7":18,"8":15,"9":15,"10":15,"11":4,"12":5,"13":2,"14":4,"15":0,"16":5,"17":1},"f":{"0":13,"1":1,"2":5,"3":18,"4":15},"b":{"0":[7,6],"1":[3,3],"2":[4,11],"3":[4,5,2,4,0]},"_coverageSchema":"1a1c01bbd47fc00a2c39e90264f33305004495a9","hash":"8343c8ca8ad54d817f9b2610f92be00c0a0c63d0"}
,"/home/maslo34/frontend-project-46/src/formatters/stylish.js": {"path":"/home/maslo34/frontend-project-46/src/formatters/stylish.js","statementMap":{"0":{"start":{"line":3,"column":23},"end":{"line":3,"column":105}},"1":{"start":{"line":3,"column":66},"end":{"line":3,"column":105}},"2":{"start":{"line":4,"column":30},"end":{"line":4,"column":121}},"3":{"start":{"line":4,"column":73},"end":{"line":4,"column":121}},"4":{"start":{"line":6,"column":18},"end":{"line":17,"column":1}},"5":{"start":{"line":7,"column":2},"end":{"line":7,"column":42}},"6":{"start":{"line":7,"column":30},"end":{"line":7,"column":42}},"7":{"start":{"line":9,"column":24},"end":{"line":9,"column":45}},"8":{"start":{"line":10,"column":24},"end":{"line":10,"column":52}},"9":{"start":{"line":11,"column":23},"end":{"line":11,"column":43}},"10":{"start":{"line":13,"column":16},"end":{"line":13,"column":110}},"11":{"start":{"line":13,"column":51},"end":{"line":13,"column":109}},"12":{"start":{"line":15,"column":17},"end":{"line":15,"column":64}},"13":{"start":{"line":16,"column":2},"end":{"line":16,"column":16}},"14":{"start":{"line":19,"column":19},"end":{"line":48,"column":1}},"15":{"start":{"line":20,"column":15},"end":{"line":46,"column":3}},"16":{"start":{"line":21,"column":26},"end":{"line":21,"column":47}},"17":{"start":{"line":22,"column":25},"end":{"line":22,"column":53}},"18":{"start":{"line":23,"column":18},"end":{"line":44,"column":6}},"19":{"start":{"line":26,"column":10},"end":{"line":26,"column":14}},"20":{"start":{"line":27,"column":6},"end":{"line":43,"column":7}},"21":{"start":{"line":29,"column":10},"end":{"line":29,"column":77}},"22":{"start":{"line":31,"column":10},"end":{"line":31,"column":77}},"23":{"start":{"line":33,"column":10},"end":{"line":33,"column":55}},"24":{"start":{"line":35,"column":10},"end":{"line":35,"column":74}},"25":{"start":{"line":37,"column":10},"end":{"line":40,"column":12}},"26":{"start":{"line":42,"column":10},"end":{"line":42,"column":58}},"27":{"start":{"line":45,"column":4},"end":{"line":45,"column":58}},"28":{"start":{"line":47,"column":2},"end":{"line":47,"column":20}}},"fnMap":{"0":{"name":"(anonymous_0)","decl":{"start":{"line":3,"column":23},"end":{"line":3,"column":24}},"loc":{"start":{"line":3,"column":66},"end":{"line":3,"column":105}},"line":3},"1":{"name":"(anonymous_1)","decl":{"start":{"line":4,"column":30},"end":{"line":4,"column":31}},"loc":{"start":{"line":4,"column":73},"end":{"line":4,"column":121}},"line":4},"2":{"name":"(anonymous_2)","decl":{"start":{"line":6,"column":18},"end":{"line":6,"column":19}},"loc":{"start":{"line":6,"column":39},"end":{"line":17,"column":1}},"line":6},"3":{"name":"(anonymous_3)","decl":{"start":{"line":13,"column":33},"end":{"line":13,"column":34}},"loc":{"start":{"line":13,"column":51},"end":{"line":13,"column":109}},"line":13},"4":{"name":"(anonymous_4)","decl":{"start":{"line":19,"column":19},"end":{"line":19,"column":20}},"loc":{"start":{"line":19,"column":29},"end":{"line":48,"column":1}},"line":19},"5":{"name":"(anonymous_5)","decl":{"start":{"line":20,"column":15},"end":{"line":20,"column":16}},"loc":{"start":{"line":20,"column":44},"end":{"line":46,"column":3}},"line":20},"6":{"name":"(anonymous_6)","decl":{"start":{"line":23,"column":39},"end":{"line":23,"column":40}},"loc":{"start":{"line":23,"column":49},"end":{"line":44,"column":5}},"line":23}},"branchMap":{"0":{"loc":{"start":{"line":3,"column":31},"end":{"line":3,"column":45}},"type":"default-arg","locations":[{"start":{"line":3,"column":44},"end":{"line":3,"column":45}}],"line":3},"1":{"loc":{"start":{"line":3,"column":47},"end":{"line":3,"column":61}},"type":"default-arg","locations":[{"start":{"line":3,"column":58},"end":{"line":3,"column":61}}],"line":3},"2":{"loc":{"start":{"line":4,"column":38},"end":{"line":4,"column":52}},"type":"default-arg","locations":[{"start":{"line":4,"column":49},"end":{"line":4,"column":52}}],"line":4},"3":{"loc":{"start":{"line":4,"column":54},"end":{"line":4,"column":68}},"type":"default-arg","locations":[{"start":{"line":4,"column":67},"end":{"line":4,"column":68}}],"line":4},"4":{"loc":{"start":{"line":6,"column":25},"end":{"line":6,"column":34}},"type":"default-arg","locations":[{"start":{"line":6,"column":33},"end":{"line":6,"column":34}}],"line":6},"5":{"loc":{"start":{"line":7,"column":2},"end":{"line":7,"column":42}},"type":"if","locations":[{"start":{"line":7,"column":2},"end":{"line":7,"column":42}},{"start":{},"end":{}}],"line":7},"6":{"loc":{"start":{"line":20,"column":30},"end":{"line":20,"column":39}},"type":"default-arg","locations":[{"start":{"line":20,"column":38},"end":{"line":20,"column":39}}],"line":20},"7":{"loc":{"start":{"line":27,"column":6},"end":{"line":43,"column":7}},"type":"switch","locations":[{"start":{"line":28,"column":8},"end":{"line":29,"column":77}},{"start":{"line":30,"column":8},"end":{"line":31,"column":77}},{"start":{"line":32,"column":8},"end":{"line":33,"column":55}},{"start":{"line":34,"column":8},"end":{"line":35,"column":74}},{"start":{"line":36,"column":8},"end":{"line":40,"column":12}},{"start":{"line":41,"column":8},"end":{"line":42,"column":58}}],"line":27}},"s":{"0":2,"1":24,"2":2,"3":24,"4":2,"5":48,"6":34,"7":14,"8":14,"9":14,"10":14,"11":18,"12":14,"13":14,"14":2,"15":2,"16":10,"17":10,"18":10,"19":36,"20":36,"21":4,"22":10,"23":6,"24":8,"25":8,"26":0,"27":10,"28":2},"f":{"0":24,"1":24,"2":48,"3":18,"4":2,"5":10,"6":36},"b":{"0":[24],"1":[24],"2":[24],"3":[24],"4":[0],"5":[34,14],"6":[2],"7":[4,10,6,8,8,0]},"_coverageSchema":"1a1c01bbd47fc00a2c39e90264f33305004495a9","hash":"0cd7ad5edb10eade0714306786d9e086354950c8"}
}
