TN:
SF:src/compareFiles.js
FN:3,(anonymous_0)
FN:11,(anonymous_1)
FN:13,(anonymous_2)
FNF:3
FNH:3
FNDA:24,(anonymous_0)
FNDA:22,(anonymous_1)
FNDA:77,(anonymous_2)
DA:3,3
DA:4,24
DA:5,24
DA:6,24
DA:7,24
DA:8,24
DA:11,3
DA:12,22
DA:13,22
DA:14,77
DA:15,77
DA:16,77
DA:17,10
DA:19,67
DA:20,21
DA:22,46
DA:23,16
DA:25,30
DA:26,13
DA:28,17
DA:35,22
LF:21
LH:21
BRDA:16,0,0,10
BRDA:16,0,1,67
BRDA:16,1,0,77
BRDA:16,1,1,56
BRDA:19,2,0,21
BRDA:19,2,1,46
BRDA:19,3,0,67
BRDA:19,3,1,21
BRDA:22,4,0,16
BRDA:22,4,1,30
BRDA:22,5,0,46
BRDA:22,5,1,20
BRDA:25,6,0,13
BRDA:25,6,1,17
BRF:14
BRH:14
end_of_record
TN:
SF:src/index.js
FN:5,(anonymous_0)
FNF:1
FNH:1
FNDA:4,(anonymous_0)
DA:5,2
DA:6,4
DA:7,4
DA:8,4
DA:9,4
DA:10,4
DA:11,4
DA:12,4
DA:13,4
LF:9
LH:9
BRDA:5,0,0,2
BRF:1
BRH:1
end_of_record
TN:
SF:src/parser.js
FN:5,(anonymous_0)
FN:6,(anonymous_1)
FN:7,(anonymous_2)
FN:9,(anonymous_3)
FNF:4
FNH:4
FNDA:20,(anonymous_0)
FNDA:9,(anonymous_1)
FNDA:11,(anonymous_2)
FNDA:11,(anonymous_3)
DA:5,20
DA:6,9
DA:7,11
DA:9,3
DA:10,11
DA:11,2
DA:13,9
DA:14,9
DA:16,0
LF:9
LH:8
BRDA:10,0,0,2
BRDA:10,0,1,9
BRDA:10,1,0,11
BRDA:10,1,1,10
BRDA:13,2,0,9
BRDA:13,2,1,0
BRF:6
BRH:5
end_of_record
TN:
SF:src/formatters/index.js
FN:5,(anonymous_0)
FNF:1
FNH:1
FNDA:4,(anonymous_0)
DA:5,2
DA:6,4
DA:8,2
DA:10,1
DA:12,1
DA:14,0
LF:6
LH:5
BRDA:6,0,0,2
BRDA:6,0,1,1
BRDA:6,0,2,1
BRDA:6,0,3,0
BRF:4
BRH:3
end_of_record
TN:
SF:src/formatters/json.js
FN:1,(anonymous_0)
FNF:1
FNH:1
FNDA:1,(anonymous_0)
DA:1,1
LF:1
LH:1
BRF:0
BRH:0
end_of_record
TN:
SF:src/formatters/plain.js
FN:3,(anonymous_0)
FN:8,(anonymous_1)
FN:9,(anonymous_2)
FN:11,(anonymous_3)
FN:12,(anonymous_4)
FNF:5
FNH:5
FNDA:13,(anonymous_0)
FNDA:1,(anonymous_1)
FNDA:5,(anonymous_2)
FNDA:18,(anonymous_3)
FNDA:15,(anonymous_4)
DA:3,2
DA:4,13
DA:5,6
DA:8,2
DA:9,1
DA:10,5
DA:11,18
DA:15,15
DA:16,15
DA:17,15
DA:19,4
DA:21,5
DA:23,2
DA:25,4
DA:27,0
DA:30,5
DA:32,1
LF:17
LH:16
BRDA:4,0,0,7
BRDA:4,0,1,6
BRDA:5,1,0,3
BRDA:5,1,1,3
BRDA:16,2,0,4
BRDA:16,2,1,11
BRDA:17,3,0,4
BRDA:17,3,1,5
BRDA:17,3,2,2
BRDA:17,3,3,4
BRDA:17,3,4,0
BRF:11
BRH:10
end_of_record
TN:
SF:src/formatters/stylish.js
FN:3,(anonymous_0)
FN:4,(anonymous_1)
FN:6,(anonymous_2)
FN:13,(anonymous_3)
FN:19,(anonymous_4)
FN:20,(anonymous_5)
FN:23,(anonymous_6)
FNF:7
FNH:7
FNDA:24,(anonymous_0)
FNDA:24,(anonymous_1)
FNDA:48,(anonymous_2)
FNDA:18,(anonymous_3)
FNDA:2,(anonymous_4)
FNDA:10,(anonymous_5)
FNDA:36,(anonymous_6)
DA:3,24
DA:4,24
DA:6,2
DA:7,48
DA:9,14
DA:10,14
DA:11,14
DA:13,18
DA:15,14
DA:16,14
DA:19,2
DA:20,2
DA:21,10
DA:22,10
DA:23,10
DA:26,36
DA:27,36
DA:29,4
DA:31,10
DA:33,6
DA:35,8
DA:37,8
DA:42,0
DA:45,10
DA:47,2
LF:25
LH:24
BRDA:3,0,0,24
BRDA:3,1,0,24
BRDA:4,2,0,24
BRDA:4,3,0,24
BRDA:6,4,0,0
BRDA:7,5,0,34
BRDA:7,5,1,14
BRDA:20,6,0,2
BRDA:27,7,0,4
BRDA:27,7,1,10
BRDA:27,7,2,6
BRDA:27,7,3,8
BRDA:27,7,4,8
BRDA:27,7,5,0
BRF:14
BRH:12
end_of_record
